2026-02-26 09:12:42.116 -03:00 [INF] Request starting HTTP/2 GET https://localhost:5000/api/v1/pessoas-fisicas?page=1&pageSize=10 - null null {"EventId":{"Id":1},"SourceContext":"Microsoft.AspNetCore.Hosting.Diagnostics","RequestId":"0HNJKMRCDACRC:00000001","RequestPath":"/api/v1/pessoas-fisicas","ConnectionId":"0HNJKMRCDACRC","MachineName":"PC-ANDRE","ThreadId":100}
2026-02-26 09:12:42.123 -03:00 [INF] CORS policy execution successful. {"EventId":{"Id":4,"Name":"PolicySuccess"},"SourceContext":"Microsoft.AspNetCore.Cors.Infrastructure.CorsService","RequestId":"0HNJKMRCDACRC:00000001","RequestPath":"/api/v1/pessoas-fisicas","ConnectionId":"0HNJKMRCDACRC","MachineName":"PC-ANDRE","ThreadId":100}
2026-02-26 09:12:42.131 -03:00 [INF] Executing endpoint 'CadastroPessoas.API.Controllers.PessoaFisicaController.Listar (CadastroPessoas.API)' {"EventId":{"Name":"ExecutingEndpoint"},"SourceContext":"Microsoft.AspNetCore.Routing.EndpointMiddleware","RequestId":"0HNJKMRCDACRC:00000001","RequestPath":"/api/v1/pessoas-fisicas","ConnectionId":"0HNJKMRCDACRC","MachineName":"PC-ANDRE","ThreadId":100}
2026-02-26 09:12:42.135 -03:00 [INF] Route matched with {action = "Listar", controller = "PessoaFisica"}. Executing controller action with signature System.Threading.Tasks.Task`1[Microsoft.AspNetCore.Mvc.IActionResult] Listar(Int32, Int32, System.Threading.CancellationToken) on controller CadastroPessoas.API.Controllers.PessoaFisicaController (CadastroPessoas.API). {"EventId":{"Id":102,"Name":"ControllerActionExecuting"},"SourceContext":"Microsoft.AspNetCore.Mvc.Infrastructure.ControllerActionInvoker","ActionId":"e3660fff-995f-4ea8-b434-ac19fd580404","ActionName":"CadastroPessoas.API.Controllers.PessoaFisicaController.Listar (CadastroPessoas.API)","RequestId":"0HNJKMRCDACRC:00000001","RequestPath":"/api/v1/pessoas-fisicas","ConnectionId":"0HNJKMRCDACRC","MachineName":"PC-ANDRE","ThreadId":100}
2026-02-26 09:12:42.157 -03:00 [INF] Executed DbCommand (4ms) [Parameters=[], CommandType='"Text"', CommandTimeout='30']
SELECT COUNT(*)
FROM [PessoasFisicas] AS [p] {"EventId":{"Id":20101,"Name":"Microsoft.EntityFrameworkCore.Database.Command.CommandExecuted"},"SourceContext":"Microsoft.EntityFrameworkCore.Database.Command","ActionId":"e3660fff-995f-4ea8-b434-ac19fd580404","ActionName":"CadastroPessoas.API.Controllers.PessoaFisicaController.Listar (CadastroPessoas.API)","RequestId":"0HNJKMRCDACRC:00000001","RequestPath":"/api/v1/pessoas-fisicas","ConnectionId":"0HNJKMRCDACRC","MachineName":"PC-ANDRE","ThreadId":102}
2026-02-26 09:12:42.168 -03:00 [INF] Executed DbCommand (3ms) [Parameters=[@__p_0='?' (DbType = Int32), @__p_1='?' (DbType = Int32)], CommandType='"Text"', CommandTimeout='30']
SELECT [t].[Id], [t].[Ativo], [t].[AtualizadoEm], [t].[Cpf], [t].[CriadoEm], [t].[DataNascimento], [t].[Email], [t].[EnderecoId], [t].[Nome], [t].[RG], [t].[Telefone], [e].[Id], [e].[AtualizadoEm], [e].[Bairro], [e].[Cep], [e].[Cidade], [e].[Complemento], [e].[CriadoEm], [e].[Ibge], [e].[Logradouro], [e].[Numero], [e].[Uf]
FROM (
    SELECT [p].[Id], [p].[Ativo], [p].[AtualizadoEm], [p].[Cpf], [p].[CriadoEm], [p].[DataNascimento], [p].[Email], [p].[EnderecoId], [p].[Nome], [p].[RG], [p].[Telefone]
    FROM [PessoasFisicas] AS [p]
    ORDER BY [p].[CriadoEm] DESC
    OFFSET @__p_0 ROWS FETCH NEXT @__p_1 ROWS ONLY
) AS [t]
LEFT JOIN [Enderecos] AS [e] ON [t].[EnderecoId] = [e].[Id]
ORDER BY [t].[CriadoEm] DESC {"EventId":{"Id":20101,"Name":"Microsoft.EntityFrameworkCore.Database.Command.CommandExecuted"},"SourceContext":"Microsoft.EntityFrameworkCore.Database.Command","ActionId":"e3660fff-995f-4ea8-b434-ac19fd580404","ActionName":"CadastroPessoas.API.Controllers.PessoaFisicaController.Listar (CadastroPessoas.API)","RequestId":"0HNJKMRCDACRC:00000001","RequestPath":"/api/v1/pessoas-fisicas","ConnectionId":"0HNJKMRCDACRC","MachineName":"PC-ANDRE","ThreadId":101}
2026-02-26 09:12:42.175 -03:00 [INF] Executing OkObjectResult, writing value of type 'CadastroPessoas.Application.DTOs.Response.PagedResponse`1[[CadastroPessoas.Application.DTOs.Response.PessoaFisicaResponse, CadastroPessoas.Application, Version=1.0.0.0, Culture=neutral, PublicKeyToken=null]]'. {"EventId":{"Id":1,"Name":"ObjectResultExecuting"},"SourceContext":"Microsoft.AspNetCore.Mvc.Infrastructure.ObjectResultExecutor","ActionId":"e3660fff-995f-4ea8-b434-ac19fd580404","ActionName":"CadastroPessoas.API.Controllers.PessoaFisicaController.Listar (CadastroPessoas.API)","RequestId":"0HNJKMRCDACRC:00000001","RequestPath":"/api/v1/pessoas-fisicas","ConnectionId":"0HNJKMRCDACRC","MachineName":"PC-ANDRE","ThreadId":101}
2026-02-26 09:12:42.181 -03:00 [INF] Executed action CadastroPessoas.API.Controllers.PessoaFisicaController.Listar (CadastroPessoas.API) in 40.6216ms {"EventId":{"Id":105,"Name":"ActionExecuted"},"SourceContext":"Microsoft.AspNetCore.Mvc.Infrastructure.ControllerActionInvoker","RequestId":"0HNJKMRCDACRC:00000001","RequestPath":"/api/v1/pessoas-fisicas","ConnectionId":"0HNJKMRCDACRC","MachineName":"PC-ANDRE","ThreadId":101}
2026-02-26 09:12:42.185 -03:00 [INF] Executed endpoint 'CadastroPessoas.API.Controllers.PessoaFisicaController.Listar (CadastroPessoas.API)' {"EventId":{"Id":1,"Name":"ExecutedEndpoint"},"SourceContext":"Microsoft.AspNetCore.Routing.EndpointMiddleware","RequestId":"0HNJKMRCDACRC:00000001","RequestPath":"/api/v1/pessoas-fisicas","ConnectionId":"0HNJKMRCDACRC","MachineName":"PC-ANDRE","ThreadId":101}
2026-02-26 09:12:42.188 -03:00 [INF] HTTP GET /api/v1/pessoas-fisicas respondeu 200 em 65.0708 ms {"SourceContext":"Serilog.AspNetCore.RequestLoggingMiddleware","RequestId":"0HNJKMRCDACRC:00000001","ConnectionId":"0HNJKMRCDACRC","MachineName":"PC-ANDRE","ThreadId":101}
2026-02-26 09:12:42.192 -03:00 [INF] Request finished HTTP/2 GET https://localhost:5000/api/v1/pessoas-fisicas?page=1&pageSize=10 - 200 null application/json; charset=utf-8 76.4528ms {"EventId":{"Id":2},"SourceContext":"Microsoft.AspNetCore.Hosting.Diagnostics","RequestId":"0HNJKMRCDACRC:00000001","RequestPath":"/api/v1/pessoas-fisicas","ConnectionId":"0HNJKMRCDACRC","MachineName":"PC-ANDRE","ThreadId":101}
2026-02-26 09:12:42.198 -03:00 [INF] Request starting HTTP/2 GET https://localhost:5000/api/v1/pessoas-fisicas?page=1&pageSize=10 - null null {"EventId":{"Id":1},"SourceContext":"Microsoft.AspNetCore.Hosting.Diagnostics","RequestId":"0HNJKMRCDACRC:00000003","RequestPath":"/api/v1/pessoas-fisicas","ConnectionId":"0HNJKMRCDACRC","MachineName":"PC-ANDRE","ThreadId":98}
2026-02-26 09:12:42.203 -03:00 [INF] CORS policy execution successful. {"EventId":{"Id":4,"Name":"PolicySuccess"},"SourceContext":"Microsoft.AspNetCore.Cors.Infrastructure.CorsService","RequestId":"0HNJKMRCDACRC:00000003","RequestPath":"/api/v1/pessoas-fisicas","ConnectionId":"0HNJKMRCDACRC","MachineName":"PC-ANDRE","ThreadId":98}
2026-02-26 09:12:42.206 -03:00 [INF] Executing endpoint 'CadastroPessoas.API.Controllers.PessoaFisicaController.Listar (CadastroPessoas.API)' {"EventId":{"Name":"ExecutingEndpoint"},"SourceContext":"Microsoft.AspNetCore.Routing.EndpointMiddleware","RequestId":"0HNJKMRCDACRC:00000003","RequestPath":"/api/v1/pessoas-fisicas","ConnectionId":"0HNJKMRCDACRC","MachineName":"PC-ANDRE","ThreadId":98}
2026-02-26 09:12:42.211 -03:00 [INF] Route matched with {action = "Listar", controller = "PessoaFisica"}. Executing controller action with signature System.Threading.Tasks.Task`1[Microsoft.AspNetCore.Mvc.IActionResult] Listar(Int32, Int32, System.Threading.CancellationToken) on controller CadastroPessoas.API.Controllers.PessoaFisicaController (CadastroPessoas.API). {"EventId":{"Id":102,"Name":"ControllerActionExecuting"},"SourceContext":"Microsoft.AspNetCore.Mvc.Infrastructure.ControllerActionInvoker","ActionId":"e3660fff-995f-4ea8-b434-ac19fd580404","ActionName":"CadastroPessoas.API.Controllers.PessoaFisicaController.Listar (CadastroPessoas.API)","RequestId":"0HNJKMRCDACRC:00000003","RequestPath":"/api/v1/pessoas-fisicas","ConnectionId":"0HNJKMRCDACRC","MachineName":"PC-ANDRE","ThreadId":98}
2026-02-26 09:12:42.218 -03:00 [INF] Executed DbCommand (1ms) [Parameters=[], CommandType='"Text"', CommandTimeout='30']
SELECT COUNT(*)
FROM [PessoasFisicas] AS [p] {"EventId":{"Id":20101,"Name":"Microsoft.EntityFrameworkCore.Database.Command.CommandExecuted"},"SourceContext":"Microsoft.EntityFrameworkCore.Database.Command","ActionId":"e3660fff-995f-4ea8-b434-ac19fd580404","ActionName":"CadastroPessoas.API.Controllers.PessoaFisicaController.Listar (CadastroPessoas.API)","RequestId":"0HNJKMRCDACRC:00000003","RequestPath":"/api/v1/pessoas-fisicas","ConnectionId":"0HNJKMRCDACRC","MachineName":"PC-ANDRE","ThreadId":100}
2026-02-26 09:12:42.225 -03:00 [INF] Executed DbCommand (1ms) [Parameters=[@__p_0='?' (DbType = Int32), @__p_1='?' (DbType = Int32)], CommandType='"Text"', CommandTimeout='30']
SELECT [t].[Id], [t].[Ativo], [t].[AtualizadoEm], [t].[Cpf], [t].[CriadoEm], [t].[DataNascimento], [t].[Email], [t].[EnderecoId], [t].[Nome], [t].[RG], [t].[Telefone], [e].[Id], [e].[AtualizadoEm], [e].[Bairro], [e].[Cep], [e].[Cidade], [e].[Complemento], [e].[CriadoEm], [e].[Ibge], [e].[Logradouro], [e].[Numero], [e].[Uf]
FROM (
    SELECT [p].[Id], [p].[Ativo], [p].[AtualizadoEm], [p].[Cpf], [p].[CriadoEm], [p].[DataNascimento], [p].[Email], [p].[EnderecoId], [p].[Nome], [p].[RG], [p].[Telefone]
    FROM [PessoasFisicas] AS [p]
    ORDER BY [p].[CriadoEm] DESC
    OFFSET @__p_0 ROWS FETCH NEXT @__p_1 ROWS ONLY
) AS [t]
LEFT JOIN [Enderecos] AS [e] ON [t].[EnderecoId] = [e].[Id]
ORDER BY [t].[CriadoEm] DESC {"EventId":{"Id":20101,"Name":"Microsoft.EntityFrameworkCore.Database.Command.CommandExecuted"},"SourceContext":"Microsoft.EntityFrameworkCore.Database.Command","ActionId":"e3660fff-995f-4ea8-b434-ac19fd580404","ActionName":"CadastroPessoas.API.Controllers.PessoaFisicaController.Listar (CadastroPessoas.API)","RequestId":"0HNJKMRCDACRC:00000003","RequestPath":"/api/v1/pessoas-fisicas","ConnectionId":"0HNJKMRCDACRC","MachineName":"PC-ANDRE","ThreadId":102}
2026-02-26 09:12:42.233 -03:00 [INF] Executing OkObjectResult, writing value of type 'CadastroPessoas.Application.DTOs.Response.PagedResponse`1[[CadastroPessoas.Application.DTOs.Response.PessoaFisicaResponse, CadastroPessoas.Application, Version=1.0.0.0, Culture=neutral, PublicKeyToken=null]]'. {"EventId":{"Id":1,"Name":"ObjectResultExecuting"},"SourceContext":"Microsoft.AspNetCore.Mvc.Infrastructure.ObjectResultExecutor","ActionId":"e3660fff-995f-4ea8-b434-ac19fd580404","ActionName":"CadastroPessoas.API.Controllers.PessoaFisicaController.Listar (CadastroPessoas.API)","RequestId":"0HNJKMRCDACRC:00000003","RequestPath":"/api/v1/pessoas-fisicas","ConnectionId":"0HNJKMRCDACRC","MachineName":"PC-ANDRE","ThreadId":102}
2026-02-26 09:12:42.238 -03:00 [INF] Executed action CadastroPessoas.API.Controllers.PessoaFisicaController.Listar (CadastroPessoas.API) in 21.5972ms {"EventId":{"Id":105,"Name":"ActionExecuted"},"SourceContext":"Microsoft.AspNetCore.Mvc.Infrastructure.ControllerActionInvoker","RequestId":"0HNJKMRCDACRC:00000003","RequestPath":"/api/v1/pessoas-fisicas","ConnectionId":"0HNJKMRCDACRC","MachineName":"PC-ANDRE","ThreadId":102}
2026-02-26 09:12:42.243 -03:00 [INF] Executed endpoint 'CadastroPessoas.API.Controllers.PessoaFisicaController.Listar (CadastroPessoas.API)' {"EventId":{"Id":1,"Name":"ExecutedEndpoint"},"SourceContext":"Microsoft.AspNetCore.Routing.EndpointMiddleware","RequestId":"0HNJKMRCDACRC:00000003","RequestPath":"/api/v1/pessoas-fisicas","ConnectionId":"0HNJKMRCDACRC","MachineName":"PC-ANDRE","ThreadId":102}
2026-02-26 09:12:42.248 -03:00 [INF] HTTP GET /api/v1/pessoas-fisicas respondeu 200 em 44.9220 ms {"SourceContext":"Serilog.AspNetCore.RequestLoggingMiddleware","RequestId":"0HNJKMRCDACRC:00000003","ConnectionId":"0HNJKMRCDACRC","MachineName":"PC-ANDRE","ThreadId":102}
2026-02-26 09:12:42.250 -03:00 [INF] Request finished HTTP/2 GET https://localhost:5000/api/v1/pessoas-fisicas?page=1&pageSize=10 - 200 null application/json; charset=utf-8 52.417ms {"EventId":{"Id":2},"SourceContext":"Microsoft.AspNetCore.Hosting.Diagnostics","RequestId":"0HNJKMRCDACRC:00000003","RequestPath":"/api/v1/pessoas-fisicas","ConnectionId":"0HNJKMRCDACRC","MachineName":"PC-ANDRE","ThreadId":102}
